<?xml version="1.0" encoding="UTF-8"?>
<!-- Generated by org.testng.reporters.JUnitXMLReporter -->
<testsuite hostname="dineshkila" ignored="8" name="Test.All" tests="12" failures="1" timestamp="17 Aug 2023 11:44:13 GMT" time="342.429" errors="0">
  <testcase name="getMyTitle" time="0.083" classname="com.bookshop.testcases.IndexPageTest"/>
  <testcase name="verifyMyShopLogo" time="0.219" classname="com.bookshop.testcases.IndexPageTest"/>
  <testcase name="ProductPageTest" time="27.622" classname="com.bookshop.testcases.ProductPageTest"/>
  <testcase name="loginTest" time="10.677" classname="com.bookshop.testcases.LoginPageTest"/>
  <testcase name="loginTest" time="9.619" classname="com.bookshop.testcases.LoginPageTest"/>
  <testcase name="loginTest" time="8.188" classname="com.bookshop.testcases.LoginPageTest"/>
  <testcase name="loginTest" time="4.739" classname="com.bookshop.testcases.LoginPageTest"/>
  <testcase name="loginTest" time="7.143" classname="com.bookshop.testcases.LoginPageTest"/>
  <testcase name="AddToCartPageTest" time="44.639" classname="com.bookshop.testcases.AddToCartPageTest"/>
  <testcase name="verifyAddToCartMsg" time="48.404" classname="com.bookshop.testcases.AddToCartPageTest">
    <failure type="java.lang.AssertionError" message="expected [true] but found [false]">
      <![CDATA[java.lang.AssertionError: expected [true] but found [false]
at com.bookshop.testcases.AddToCartPageTest.verifyAddToCartMsg(AddToCartPageTest.java:70)
... Removed 29 stack frames]]>
    </failure>
  </testcase> <!-- verifyAddToCartMsg -->
  <testcase name="productShopTest" time="18.756" classname="com.bookshop.testcases.HomePageTest"/>
  <testcase name="verifyDashboad" time="10.731" classname="com.bookshop.testcases.HomePageTest"/>
  <testcase name="@AfterSuite beforeSuite" time="0.0" classname="com.bookshop.base.BaseClass">
    <ignored/>
  </testcase> <!-- @AfterSuite beforeSuite -->
  <testcase name="@AfterSuite beforeSuite" time="0.0" classname="com.bookshop.base.BaseClass">
    <ignored/>
  </testcase> <!-- @AfterSuite beforeSuite -->
  <testcase name="@AfterSuite beforeSuite" time="0.0" classname="com.bookshop.base.BaseClass">
    <ignored/>
  </testcase> <!-- @AfterSuite beforeSuite -->
  <testcase name="@AfterSuite beforeSuite" time="0.0" classname="com.bookshop.base.BaseClass">
    <ignored/>
  </testcase> <!-- @AfterSuite beforeSuite -->
  <testcase name="@BeforeSuite loadConfig" time="0.0" classname="com.bookshop.base.BaseClass">
    <ignored/>
  </testcase> <!-- @BeforeSuite loadConfig -->
  <testcase name="@BeforeSuite loadConfig" time="0.0" classname="com.bookshop.base.BaseClass">
    <ignored/>
  </testcase> <!-- @BeforeSuite loadConfig -->
  <testcase name="@BeforeSuite loadConfig" time="0.0" classname="com.bookshop.base.BaseClass">
    <ignored/>
  </testcase> <!-- @BeforeSuite loadConfig -->
  <testcase name="@BeforeSuite loadConfig" time="0.0" classname="com.bookshop.base.BaseClass">
    <ignored/>
  </testcase> <!-- @BeforeSuite loadConfig -->
</testsuite> <!-- Test.All -->
