<?xml version="1.0" encoding="UTF-8"?>
<testng-results skipped="0" failed="1" ignored="8" total="20" passed="11">
  <reporter-output>
  </reporter-output>
  <suite name="Suite" duration-ms="342429" started-at="2023-08-17T11:38:30Z" finished-at="2023-08-17T11:44:13Z">
    <groups>
      <group name="Sanity">
        <method signature="AddToCartPageTest.AddToCartPageTest()[pri:0, instance:com.bookshop.testcases.AddToCartPageTest@7d0587f1]" name="AddToCartPageTest" class="com.bookshop.testcases.AddToCartPageTest"/>
        <method signature="AddToCartPageTest.verifyAddToCartMsg()[pri:0, instance:com.bookshop.testcases.AddToCartPageTest@7d0587f1]" name="verifyAddToCartMsg" class="com.bookshop.testcases.AddToCartPageTest"/>
        <method signature="HomePageTest.productShopTest()[pri:0, instance:com.bookshop.testcases.HomePageTest@5d76b067]" name="productShopTest" class="com.bookshop.testcases.HomePageTest"/>
        <method signature="HomePageTest.verifyDashboad()[pri:0, instance:com.bookshop.testcases.HomePageTest@5d76b067]" name="verifyDashboad" class="com.bookshop.testcases.HomePageTest"/>
        <method signature="LoginPageTest.loginTest(java.lang.String, java.lang.String)[pri:0, instance:com.bookshop.testcases.LoginPageTest@67205a84]" name="loginTest" class="com.bookshop.testcases.LoginPageTest"/>
        <method signature="ProductPageTest.ProductPageTest()[pri:0, instance:com.bookshop.testcases.ProductPageTest@5e853265]" name="ProductPageTest" class="com.bookshop.testcases.ProductPageTest"/>
      </group> <!-- Sanity -->
      <group name="Regression">
        <method signature="AddToCartPageTest.AddToCartPageTest()[pri:0, instance:com.bookshop.testcases.AddToCartPageTest@7d0587f1]" name="AddToCartPageTest" class="com.bookshop.testcases.AddToCartPageTest"/>
      </group> <!-- Regression -->
      <group name="Smoke">
        <method signature="HomePageTest.productShopTest()[pri:0, instance:com.bookshop.testcases.HomePageTest@5d76b067]" name="productShopTest" class="com.bookshop.testcases.HomePageTest"/>
        <method signature="IndexPageTest.getMyTitle()[pri:0, instance:com.bookshop.testcases.IndexPageTest@6c49835d]" name="getMyTitle" class="com.bookshop.testcases.IndexPageTest"/>
        <method signature="IndexPageTest.verifyMyShopLogo()[pri:0, instance:com.bookshop.testcases.IndexPageTest@6c49835d]" name="verifyMyShopLogo" class="com.bookshop.testcases.IndexPageTest"/>
        <method signature="LoginPageTest.loginTest(java.lang.String, java.lang.String)[pri:0, instance:com.bookshop.testcases.LoginPageTest@67205a84]" name="loginTest" class="com.bookshop.testcases.LoginPageTest"/>
      </group> <!-- Smoke -->
    </groups>
    <test name="Test.All" duration-ms="342429" started-at="2023-08-17T11:38:30Z" finished-at="2023-08-17T11:44:13Z">
      <class name="com.bookshop.testcases.AddToCartPageTest">
        <test-method status="PASS" signature="setUp(java.lang.String)[pri:0, instance:com.bookshop.testcases.AddToCartPageTest@7d0587f1]" name="setUp" is-config="true" duration-ms="9881" started-at="2023-08-17T11:41:22Z" finished-at="2023-08-17T11:41:32Z">
          <params>
            <param index="0">
              <value>
                <![CDATA[Chrome]]>
              </value>
            </param>
          </params>
          <reporter-output>
          </reporter-output>
        </test-method> <!-- setUp -->
        <test-method status="PASS" signature="AddToCartPageTest()[pri:0, instance:com.bookshop.testcases.AddToCartPageTest@7d0587f1]" name="AddToCartPageTest" duration-ms="44639" started-at="2023-08-17T11:41:32Z" finished-at="2023-08-17T11:42:17Z">
          <reporter-output>
          </reporter-output>
        </test-method> <!-- AddToCartPageTest -->
        <test-method status="PASS" signature="tearDown()[pri:0, instance:com.bookshop.testcases.AddToCartPageTest@7d0587f1]" name="tearDown" is-config="true" duration-ms="1061" started-at="2023-08-17T11:42:17Z" finished-at="2023-08-17T11:42:18Z">
          <reporter-output>
          </reporter-output>
        </test-method> <!-- tearDown -->
        <test-method status="PASS" signature="setUp(java.lang.String)[pri:0, instance:com.bookshop.testcases.AddToCartPageTest@7d0587f1]" name="setUp" is-config="true" duration-ms="8336" started-at="2023-08-17T11:42:18Z" finished-at="2023-08-17T11:42:26Z">
          <params>
            <param index="0">
              <value>
                <![CDATA[Chrome]]>
              </value>
            </param>
          </params>
          <reporter-output>
          </reporter-output>
        </test-method> <!-- setUp -->
        <test-method status="FAIL" signature="verifyAddToCartMsg()[pri:0, instance:com.bookshop.testcases.AddToCartPageTest@7d0587f1]" name="verifyAddToCartMsg" duration-ms="48404" started-at="2023-08-17T11:42:26Z" finished-at="2023-08-17T11:43:15Z">
          <exception class="java.lang.AssertionError">
            <message>
              <![CDATA[expected [true] but found [false]]]>
            </message>
            <full-stacktrace>
              <![CDATA[java.lang.AssertionError: expected [true] but found [false]
at org.testng.Assert.fail(Assert.java:96)
at org.testng.Assert.failNotEquals(Assert.java:776)
at org.testng.Assert.assertTrue(Assert.java:44)
at org.testng.Assert.assertTrue(Assert.java:54)
at com.bookshop.testcases.AddToCartPageTest.verifyAddToCartMsg(AddToCartPageTest.java:70)
at sun.reflect.NativeMethodAccessorImpl.invoke0(Native Method)
at sun.reflect.NativeMethodAccessorImpl.invoke(NativeMethodAccessorImpl.java:62)
at sun.reflect.DelegatingMethodAccessorImpl.invoke(DelegatingMethodAccessorImpl.java:43)
at java.lang.reflect.Method.invoke(Method.java:498)
at org.testng.internal.MethodInvocationHelper.invokeMethod(MethodInvocationHelper.java:124)
at org.testng.internal.Invoker.invokeMethod(Invoker.java:583)
at org.testng.internal.Invoker.invokeTestMethod(Invoker.java:719)
at org.testng.internal.Invoker.invokeTestMethods(Invoker.java:989)
at org.testng.internal.TestMethodWorker.invokeTestMethods(TestMethodWorker.java:125)
at org.testng.internal.TestMethodWorker.run(TestMethodWorker.java:109)
at org.testng.TestRunner.privateRun(TestRunner.java:648)
at org.testng.TestRunner.run(TestRunner.java:505)
at org.testng.SuiteRunner.runTest(SuiteRunner.java:455)
at org.testng.SuiteRunner.runSequentially(SuiteRunner.java:450)
at org.testng.SuiteRunner.privateRun(SuiteRunner.java:415)
at org.testng.SuiteRunner.run(SuiteRunner.java:364)
at org.testng.SuiteRunnerWorker.runSuite(SuiteRunnerWorker.java:52)
at org.testng.SuiteRunnerWorker.run(SuiteRunnerWorker.java:84)
at org.testng.TestNG.runSuitesSequentially(TestNG.java:1208)
at org.testng.TestNG.runSuitesLocally(TestNG.java:1137)
at org.testng.TestNG.runSuites(TestNG.java:1049)
at org.testng.TestNG.run(TestNG.java:1017)
at org.testng.remote.AbstractRemoteTestNG.run(AbstractRemoteTestNG.java:115)
at org.testng.remote.RemoteTestNG.initAndRun(RemoteTestNG.java:251)
at org.testng.remote.RemoteTestNG.main(RemoteTestNG.java:77)
]]>
            </full-stacktrace>
          </exception> <!-- java.lang.AssertionError -->
          <reporter-output>
          </reporter-output>
        </test-method> <!-- verifyAddToCartMsg -->
        <test-method status="PASS" signature="tearDown()[pri:0, instance:com.bookshop.testcases.AddToCartPageTest@7d0587f1]" name="tearDown" is-config="true" duration-ms="1026" started-at="2023-08-17T11:43:15Z" finished-at="2023-08-17T11:43:16Z">
          <reporter-output>
          </reporter-output>
        </test-method> <!-- tearDown -->
      </class> <!-- com.bookshop.testcases.AddToCartPageTest -->
      <class name="com.bookshop.testcases.HomePageTest">
        <test-method status="PASS" signature="setUp(java.lang.String)[pri:0, instance:com.bookshop.testcases.HomePageTest@5d76b067]" name="setUp" is-config="true" duration-ms="11694" started-at="2023-08-17T11:43:16Z" finished-at="2023-08-17T11:43:28Z">
          <params>
            <param index="0">
              <value>
                <![CDATA[Chrome]]>
              </value>
            </param>
          </params>
          <reporter-output>
          </reporter-output>
        </test-method> <!-- setUp -->
        <test-method status="PASS" signature="productShopTest()[pri:0, instance:com.bookshop.testcases.HomePageTest@5d76b067]" name="productShopTest" duration-ms="18756" started-at="2023-08-17T11:43:28Z" finished-at="2023-08-17T11:43:47Z">
          <reporter-output>
          </reporter-output>
        </test-method> <!-- productShopTest -->
        <test-method status="PASS" signature="tearDown()[pri:0, instance:com.bookshop.testcases.HomePageTest@5d76b067]" name="tearDown" is-config="true" duration-ms="986" started-at="2023-08-17T11:43:47Z" finished-at="2023-08-17T11:43:48Z">
          <reporter-output>
          </reporter-output>
        </test-method> <!-- tearDown -->
        <test-method status="PASS" signature="setUp(java.lang.String)[pri:0, instance:com.bookshop.testcases.HomePageTest@5d76b067]" name="setUp" is-config="true" duration-ms="13214" started-at="2023-08-17T11:43:48Z" finished-at="2023-08-17T11:44:01Z">
          <params>
            <param index="0">
              <value>
                <![CDATA[Chrome]]>
              </value>
            </param>
          </params>
          <reporter-output>
          </reporter-output>
        </test-method> <!-- setUp -->
        <test-method status="PASS" signature="verifyDashboad()[pri:0, instance:com.bookshop.testcases.HomePageTest@5d76b067]" name="verifyDashboad" duration-ms="10731" started-at="2023-08-17T11:44:01Z" finished-at="2023-08-17T11:44:12Z">
          <reporter-output>
          </reporter-output>
        </test-method> <!-- verifyDashboad -->
        <test-method status="PASS" signature="tearDown()[pri:0, instance:com.bookshop.testcases.HomePageTest@5d76b067]" name="tearDown" is-config="true" duration-ms="997" started-at="2023-08-17T11:44:12Z" finished-at="2023-08-17T11:44:13Z">
          <reporter-output>
          </reporter-output>
        </test-method> <!-- tearDown -->
      </class> <!-- com.bookshop.testcases.HomePageTest -->
      <class name="com.bookshop.testcases.IndexPageTest">
        <test-method status="PASS" signature="loadConfig()[pri:0, instance:com.bookshop.testcases.IndexPageTest@6c49835d]" name="loadConfig" is-config="true" duration-ms="923" started-at="2023-08-17T11:38:29Z" finished-at="2023-08-17T11:38:30Z">
          <reporter-output>
          </reporter-output>
        </test-method> <!-- loadConfig -->
        <test-method status="PASS" signature="setUp(java.lang.String)[pri:0, instance:com.bookshop.testcases.IndexPageTest@6c49835d]" name="setUp" is-config="true" duration-ms="17261" started-at="2023-08-17T11:38:30Z" finished-at="2023-08-17T11:38:47Z">
          <params>
            <param index="0">
              <value>
                <![CDATA[Chrome]]>
              </value>
            </param>
          </params>
          <reporter-output>
          </reporter-output>
        </test-method> <!-- setUp -->
        <test-method status="PASS" signature="getMyTitle()[pri:0, instance:com.bookshop.testcases.IndexPageTest@6c49835d]" name="getMyTitle" duration-ms="83" started-at="2023-08-17T11:38:47Z" finished-at="2023-08-17T11:38:48Z">
          <reporter-output>
          </reporter-output>
        </test-method> <!-- getMyTitle -->
        <test-method status="PASS" signature="tearDown()[pri:0, instance:com.bookshop.testcases.IndexPageTest@6c49835d]" name="tearDown" is-config="true" duration-ms="917" started-at="2023-08-17T11:38:48Z" finished-at="2023-08-17T11:38:48Z">
          <reporter-output>
          </reporter-output>
        </test-method> <!-- tearDown -->
        <test-method status="PASS" signature="setUp(java.lang.String)[pri:0, instance:com.bookshop.testcases.IndexPageTest@6c49835d]" name="setUp" is-config="true" duration-ms="19184" started-at="2023-08-17T11:38:48Z" finished-at="2023-08-17T11:39:08Z">
          <params>
            <param index="0">
              <value>
                <![CDATA[Chrome]]>
              </value>
            </param>
          </params>
          <reporter-output>
          </reporter-output>
        </test-method> <!-- setUp -->
        <test-method status="PASS" signature="verifyMyShopLogo()[pri:0, instance:com.bookshop.testcases.IndexPageTest@6c49835d]" name="verifyMyShopLogo" duration-ms="219" started-at="2023-08-17T11:39:08Z" finished-at="2023-08-17T11:39:08Z">
          <reporter-output>
          </reporter-output>
        </test-method> <!-- verifyMyShopLogo -->
        <test-method status="PASS" signature="tearDown()[pri:0, instance:com.bookshop.testcases.IndexPageTest@6c49835d]" name="tearDown" is-config="true" duration-ms="957" started-at="2023-08-17T11:39:08Z" finished-at="2023-08-17T11:39:09Z">
          <reporter-output>
          </reporter-output>
        </test-method> <!-- tearDown -->
        <test-method status="PASS" signature="beforeSuite()[pri:0, instance:com.bookshop.testcases.IndexPageTest@6c49835d]" name="beforeSuite" is-config="true" duration-ms="440" started-at="2023-08-17T11:44:13Z" finished-at="2023-08-17T11:44:13Z">
          <reporter-output>
          </reporter-output>
        </test-method> <!-- beforeSuite -->
      </class> <!-- com.bookshop.testcases.IndexPageTest -->
      <class name="com.bookshop.testcases.LoginPageTest">
        <test-method status="PASS" signature="setUp(java.lang.String)[pri:0, instance:com.bookshop.testcases.LoginPageTest@67205a84]" name="setUp" is-config="true" duration-ms="8523" started-at="2023-08-17T11:39:48Z" finished-at="2023-08-17T11:39:57Z">
          <params>
            <param index="0">
              <value>
                <![CDATA[Chrome]]>
              </value>
            </param>
          </params>
          <reporter-output>
          </reporter-output>
        </test-method> <!-- setUp -->
        <test-method status="PASS" signature="loginTest(java.lang.String, java.lang.String)[pri:0, instance:com.bookshop.testcases.LoginPageTest@67205a84]" name="loginTest" duration-ms="10677" started-at="2023-08-17T11:39:57Z" data-provider="BookShopData" finished-at="2023-08-17T11:40:08Z">
          <params>
            <param index="0">
              <value>
                <![CDATA[dineshkila@gmail.com]]>
              </value>
            </param>
            <param index="1">
              <value>
                <![CDATA[Dineshkila@123]]>
              </value>
            </param>
          </params>
          <reporter-output>
          </reporter-output>
        </test-method> <!-- loginTest -->
        <test-method status="PASS" signature="tearDown()[pri:0, instance:com.bookshop.testcases.LoginPageTest@67205a84]" name="tearDown" is-config="true" duration-ms="995" started-at="2023-08-17T11:40:08Z" finished-at="2023-08-17T11:40:09Z">
          <reporter-output>
          </reporter-output>
        </test-method> <!-- tearDown -->
        <test-method status="PASS" signature="setUp(java.lang.String)[pri:0, instance:com.bookshop.testcases.LoginPageTest@67205a84]" name="setUp" is-config="true" duration-ms="6877" started-at="2023-08-17T11:40:09Z" finished-at="2023-08-17T11:40:16Z">
          <params>
            <param index="0">
              <value>
                <![CDATA[Chrome]]>
              </value>
            </param>
          </params>
          <reporter-output>
          </reporter-output>
        </test-method> <!-- setUp -->
        <test-method status="PASS" signature="loginTest(java.lang.String, java.lang.String)[pri:0, instance:com.bookshop.testcases.LoginPageTest@67205a84]" name="loginTest" duration-ms="9619" started-at="2023-08-17T11:40:16Z" data-provider="BookShopData" finished-at="2023-08-17T11:40:25Z">
          <params>
            <param index="0">
              <value>
                <![CDATA[dineshchinna@gmail.com]]>
              </value>
            </param>
            <param index="1">
              <value>
                <![CDATA[Dineshkila@123]]>
              </value>
            </param>
          </params>
          <reporter-output>
          </reporter-output>
        </test-method> <!-- loginTest -->
        <test-method status="PASS" signature="tearDown()[pri:0, instance:com.bookshop.testcases.LoginPageTest@67205a84]" name="tearDown" is-config="true" duration-ms="1331" started-at="2023-08-17T11:40:25Z" finished-at="2023-08-17T11:40:27Z">
          <reporter-output>
          </reporter-output>
        </test-method> <!-- tearDown -->
        <test-method status="PASS" signature="setUp(java.lang.String)[pri:0, instance:com.bookshop.testcases.LoginPageTest@67205a84]" name="setUp" is-config="true" duration-ms="10971" started-at="2023-08-17T11:40:27Z" finished-at="2023-08-17T11:40:38Z">
          <params>
            <param index="0">
              <value>
                <![CDATA[Chrome]]>
              </value>
            </param>
          </params>
          <reporter-output>
          </reporter-output>
        </test-method> <!-- setUp -->
        <test-method status="PASS" signature="loginTest(java.lang.String, java.lang.String)[pri:0, instance:com.bookshop.testcases.LoginPageTest@67205a84]" name="loginTest" duration-ms="8188" started-at="2023-08-17T11:40:38Z" data-provider="BookShopData" finished-at="2023-08-17T11:40:46Z">
          <params>
            <param index="0">
              <value>
                <![CDATA[dineshkila@gmail.com]]>
              </value>
            </param>
            <param index="1">
              <value>
                <![CDATA[Rahulkumar@111]]>
              </value>
            </param>
          </params>
          <reporter-output>
          </reporter-output>
        </test-method> <!-- loginTest -->
        <test-method status="PASS" signature="tearDown()[pri:0, instance:com.bookshop.testcases.LoginPageTest@67205a84]" name="tearDown" is-config="true" duration-ms="1267" started-at="2023-08-17T11:40:46Z" finished-at="2023-08-17T11:40:47Z">
          <reporter-output>
          </reporter-output>
        </test-method> <!-- tearDown -->
        <test-method status="PASS" signature="setUp(java.lang.String)[pri:0, instance:com.bookshop.testcases.LoginPageTest@67205a84]" name="setUp" is-config="true" duration-ms="12085" started-at="2023-08-17T11:40:47Z" finished-at="2023-08-17T11:40:59Z">
          <params>
            <param index="0">
              <value>
                <![CDATA[Chrome]]>
              </value>
            </param>
          </params>
          <reporter-output>
          </reporter-output>
        </test-method> <!-- setUp -->
        <test-method status="PASS" signature="loginTest(java.lang.String, java.lang.String)[pri:0, instance:com.bookshop.testcases.LoginPageTest@67205a84]" name="loginTest" duration-ms="4739" started-at="2023-08-17T11:40:59Z" data-provider="BookShopData" finished-at="2023-08-17T11:41:04Z">
          <params>
            <param index="0">
              <value>
                <![CDATA[dineshchinna@gmail.com]]>
              </value>
            </param>
            <param index="1">
              <value>
                <![CDATA[Rahulkumar@111]]>
              </value>
            </param>
          </params>
          <reporter-output>
          </reporter-output>
        </test-method> <!-- loginTest -->
        <test-method status="PASS" signature="tearDown()[pri:0, instance:com.bookshop.testcases.LoginPageTest@67205a84]" name="tearDown" is-config="true" duration-ms="940" started-at="2023-08-17T11:41:04Z" finished-at="2023-08-17T11:41:05Z">
          <reporter-output>
          </reporter-output>
        </test-method> <!-- tearDown -->
        <test-method status="PASS" signature="setUp(java.lang.String)[pri:0, instance:com.bookshop.testcases.LoginPageTest@67205a84]" name="setUp" is-config="true" duration-ms="9226" started-at="2023-08-17T11:41:05Z" finished-at="2023-08-17T11:41:14Z">
          <params>
            <param index="0">
              <value>
                <![CDATA[Chrome]]>
              </value>
            </param>
          </params>
          <reporter-output>
          </reporter-output>
        </test-method> <!-- setUp -->
        <test-method status="PASS" signature="loginTest(java.lang.String, java.lang.String)[pri:0, instance:com.bookshop.testcases.LoginPageTest@67205a84]" name="loginTest" duration-ms="7143" started-at="2023-08-17T11:41:14Z" data-provider="BookShopData" finished-at="2023-08-17T11:41:21Z">
          <params>
            <param index="0">
              <value>
                <![CDATA[dineshkila@gmail.com]]>
              </value>
            </param>
            <param index="1">
              <value>
                <![CDATA[Dineshkila@123]]>
              </value>
            </param>
          </params>
          <reporter-output>
          </reporter-output>
        </test-method> <!-- loginTest -->
        <test-method status="PASS" signature="tearDown()[pri:0, instance:com.bookshop.testcases.LoginPageTest@67205a84]" name="tearDown" is-config="true" duration-ms="1278" started-at="2023-08-17T11:41:21Z" finished-at="2023-08-17T11:41:22Z">
          <reporter-output>
          </reporter-output>
        </test-method> <!-- tearDown -->
      </class> <!-- com.bookshop.testcases.LoginPageTest -->
      <class name="com.bookshop.testcases.ProductPageTest">
        <test-method status="PASS" signature="setUp(java.lang.String)[pri:0, instance:com.bookshop.testcases.ProductPageTest@5e853265]" name="setUp" is-config="true" duration-ms="9982" started-at="2023-08-17T11:39:09Z" finished-at="2023-08-17T11:39:19Z">
          <params>
            <param index="0">
              <value>
                <![CDATA[Chrome]]>
              </value>
            </param>
          </params>
          <reporter-output>
          </reporter-output>
        </test-method> <!-- setUp -->
        <test-method status="PASS" signature="ProductPageTest()[pri:0, instance:com.bookshop.testcases.ProductPageTest@5e853265]" name="ProductPageTest" duration-ms="27622" started-at="2023-08-17T11:39:19Z" finished-at="2023-08-17T11:39:46Z">
          <reporter-output>
          </reporter-output>
        </test-method> <!-- ProductPageTest -->
        <test-method status="PASS" signature="tearDown()[pri:0, instance:com.bookshop.testcases.ProductPageTest@5e853265]" name="tearDown" is-config="true" duration-ms="1017" started-at="2023-08-17T11:39:46Z" finished-at="2023-08-17T11:39:47Z">
          <reporter-output>
          </reporter-output>
        </test-method> <!-- tearDown -->
      </class> <!-- com.bookshop.testcases.ProductPageTest -->
    </test> <!-- Test.All -->
  </suite> <!-- Suite -->
</testng-results>
